<?xml version="1.0" encoding="utf-8"?><testsuites name="pytest tests"><testsuite name="pytest" errors="0" failures="0" skipped="1" tests="41" time="6.612" timestamp="2026-07-23T11:27:41.930328+00:00" hostname="agent-env-4e6d862c-b9d5-4bdd-b89e-4253f7ca94f8"><testcase classname="tests.backend_test.TestHealthAndSeed" name="test_root" time="0.376" /><testcase classname="tests.backend_test.TestHealthAndSeed" name="test_settings_defaults" time="0.049" /><testcase classname="tests.backend_test.TestHealthAndSeed" name="test_categories_seeded" time="0.050" /><testcase classname="tests.backend_test.TestHealthAndSeed" name="test_no_products_initially" time="0.047" /><testcase classname="tests.backend_test.TestCustomerAuth" name="test_register" time="0.278" /><testcase classname="tests.backend_test.TestCustomerAuth" name="test_login" time="0.298" /><testcase classname="tests.backend_test.TestCustomerAuth" name="test_me" time="0.052" /><testcase classname="tests.backend_test.TestCustomerAuth" name="test_login_invalid" time="0.274" /><testcase classname="tests.backend_test.TestCustomerAuth" name="test_bruteforce_lockout" time="2.451"><skipped type="pytest.skip" message="Brute-force lockout not triggered (codes=[401, 401, 401, 401, 401, 401, 401, 401]). Likely because k8s ingress proxy assigns different client.host per request.">/app/backend/tests/backend_test.py:108: Brute-force lockout not triggered (codes=[401, 401, 401, 401, 401, 401, 401, 401]). Likely because k8s ingress proxy assigns different client.host per request.</skipped></testcase><testcase classname="tests.backend_test.TestAdminAuth" name="test_admin_login_default_requires_first_setup" time="0.050" /><testcase classname="tests.backend_test.TestAdminAuth" name="test_customer_token_cannot_access_admin" time="0.058" /><testcase classname="tests.backend_test.TestAdminAuth" name="test_admin_endpoint_without_token" time="0.046" /><testcase classname="tests.backend_test.TestAdminAuth" name="test_admin_first_setup" time="0.494" /><testcase classname="tests.backend_test.TestAdminAuth" name="test_default_admin_disabled_after_setup" time="0.051" /><testcase classname="tests.backend_test.TestAdminAuth" name="test_new_admin_login_works" time="0.271" /><testcase classname="tests.backend_test.TestAdminAuth" name="test_first_setup_cannot_be_repeated" time="0.045" /><testcase classname="tests.backend_test.TestCategoryCRUD" name="test_create_category" time="0.051" /><testcase classname="tests.backend_test.TestCategoryCRUD" name="test_update_category" time="0.052" /><testcase classname="tests.backend_test.TestCategoryCRUD" name="test_delete_empty_category" time="0.049" /><testcase classname="tests.backend_test.TestProductCRUD" name="test_create_product" time="0.048" /><testcase classname="tests.backend_test.TestProductCRUD" name="test_public_list_shows_active" time="0.046" /><testcase classname="tests.backend_test.TestProductCRUD" name="test_public_get_by_slug" time="0.049" /><testcase classname="tests.backend_test.TestProductCRUD" name="test_filter_on_sale" time="0.048" /><testcase classname="tests.backend_test.TestProductCRUD" name="test_filter_category" time="0.046" /><testcase classname="tests.backend_test.TestProductCRUD" name="test_filter_q_and_sort" time="0.052" /><testcase classname="tests.backend_test.TestProductCRUD" name="test_admin_list_includes" time="0.045" /><testcase classname="tests.backend_test.TestProductCRUD" name="test_update_product" time="0.049" /><testcase classname="tests.backend_test.TestDiscount" name="test_create_discount" time="0.048" /><testcase classname="tests.backend_test.TestDiscount" name="test_validate_valid" time="0.048" /><testcase classname="tests.backend_test.TestDiscount" name="test_validate_invalid_code" time="0.045" /><testcase classname="tests.backend_test.TestDiscount" name="test_validate_min_purchase" time="0.049" /><testcase classname="tests.backend_test.TestOrdersAndWA" name="test_create_order_with_voucher" time="0.051" /><testcase classname="tests.backend_test.TestOrdersAndWA" name="test_whatsapp_build" time="0.054" /><testcase classname="tests.backend_test.TestOrdersAndWA" name="test_product_sold_count_incremented" time="0.065" /><testcase classname="tests.backend_test.TestOrdersAndWA" name="test_customer_orders_my" time="0.108" /><testcase classname="tests.backend_test.TestInvoices" name="test_create_invoice" time="0.050" /><testcase classname="tests.backend_test.TestInvoices" name="test_public_invoice" time="0.051" /><testcase classname="tests.backend_test.TestInvoices" name="test_update_status_paid" time="0.097" /><testcase classname="tests.backend_test.TestDashboardAndSettings" name="test_dashboard" time="0.091" /><testcase classname="tests.backend_test.TestDashboardAndSettings" name="test_settings_update" time="0.148" /><testcase classname="tests.backend_test.TestResetAdminForUITests" name="test_reset_admin" time="0.224" /></testsuite></testsuites>