<?xml version="1.0" encoding="utf-8"?><testsuites name="pytest tests"><testsuite name="pytest" errors="0" failures="0" skipped="0" tests="7" time="2.600" timestamp="2026-07-24T08:34:01.238569+00:00" hostname="agent-env-4e6d862c-b9d5-4bdd-b89e-4253f7ca94f8"><testcase classname="tests.test_whatsapp_regression.TestWhatsAppUrlBuilding" name="test_messy_phone_plus_spaces_hyphens" time="1.552" /><testcase classname="tests.test_whatsapp_regression.TestWhatsAppUrlBuilding" name="test_leading_zero_indonesia" time="0.101" /><testcase classname="tests.test_whatsapp_regression.TestWhatsAppUrlBuilding" name="test_plus_prefix_with_hyphens" time="0.103" /><testcase classname="tests.test_whatsapp_regression.TestWhatsAppUrlBuilding" name="test_parens_and_spaces" time="0.092" /><testcase classname="tests.test_whatsapp_regression.TestWhatsAppUrlBuilding" name="test_pure_digits_with_spaces" time="0.101" /><testcase classname="tests.test_whatsapp_regression.TestWhatsAppUrlBuilding" name="test_message_is_single_encoded" time="0.097" /><testcase classname="tests.test_whatsapp_regression.TestWhatsAppUrlBuilding" name="test_wa_url_never_uses_broken_resolve_pattern" time="0.525" /></testsuite></testsuites>